0 info it worked if it ends with ok
1 verbose cli [ 'C:\\Program Files\\nodejs\\node.exe',
1 verbose cli   'C:\\Program Files\\nodejs\\node_modules\\npm\\bin\\npm-cli.js',
1 verbose cli   'install',
1 verbose cli   '--save',
1 verbose cli   'bcrypt' ]
2 info using npm@2.14.2
3 info using node@v4.0.0
4 verbose install initial load of D:\csc-index\package.json
5 warn package.json cscindex@1.0.0 No description
6 warn package.json cscindex@1.0.0 No repository field.
7 warn package.json cscindex@1.0.0 No README data
8 verbose installManyTop reading scoped package data from D:\csc-index\node_modules\body-parser\package.json
9 verbose installManyTop reading scoped package data from D:\csc-index\node_modules\bootstrap\package.json
10 verbose installManyTop reading scoped package data from D:\csc-index\node_modules\bower\package.json
11 verbose installManyTop reading scoped package data from D:\csc-index\node_modules\config\package.json
12 verbose installManyTop reading scoped package data from D:\csc-index\node_modules\cors\package.json
13 verbose installManyTop reading scoped package data from D:\csc-index\node_modules\express\package.json
14 verbose installManyTop reading scoped package data from D:\csc-index\node_modules\mongoose\package.json
15 verbose installManyTop reading scoped package data from D:\csc-index\node_modules\passport\package.json
16 verbose installManyTop reading scoped package data from D:\csc-index\node_modules\passport-facebook\package.json
17 verbose installManyTop reading scoped package data from D:\csc-index\node_modules\prettyjson\package.json
18 verbose installManyTop reading scoped package data from D:\csc-index\node_modules\q\package.json
19 verbose installManyTop reading scoped package data from D:\csc-index\node_modules\underscore\package.json
20 info package.json q@1.4.1 license should be a valid SPDX license expression
21 info package.json passport-facebook@2.0.0 No license field.
22 verbose readDependencies loading dependencies from D:\csc-index\package.json
23 silly cache add args [ 'bcrypt', null ]
24 verbose cache add spec bcrypt
25 silly cache add parsed spec Result {
25 silly cache add   raw: 'bcrypt',
25 silly cache add   scope: null,
25 silly cache add   name: 'bcrypt',
25 silly cache add   rawSpec: '',
25 silly cache add   spec: '*',
25 silly cache add   type: 'range' }
26 silly addNamed bcrypt@*
27 verbose addNamed "*" is a valid semver range for bcrypt
28 silly addNameRange { name: 'bcrypt', range: '*', hasData: false }
29 silly mapToRegistry name bcrypt
30 silly mapToRegistry using default registry
31 silly mapToRegistry registry https://registry.npmjs.org/
32 silly mapToRegistry uri https://registry.npmjs.org/bcrypt
33 verbose addNameRange registry:https://registry.npmjs.org/bcrypt not in flight; fetching
34 verbose get https://registry.npmjs.org/bcrypt not expired, no request
35 silly addNameRange number 2 { name: 'bcrypt', range: '*', hasData: true }
36 silly addNameRange versions [ 'bcrypt',
36 silly addNameRange   [ '0.1.2',
36 silly addNameRange     '0.2.0',
36 silly addNameRange     '0.2.1',
36 silly addNameRange     '0.1.3',
36 silly addNameRange     '0.2.2',
36 silly addNameRange     '0.2.3',
36 silly addNameRange     '0.2.4',
36 silly addNameRange     '0.3.0',
36 silly addNameRange     '0.3.1',
36 silly addNameRange     '0.3.2',
36 silly addNameRange     '0.4.0',
36 silly addNameRange     '0.4.1',
36 silly addNameRange     '0.5.0',
36 silly addNameRange     '0.6.0',
36 silly addNameRange     '0.7.0',
36 silly addNameRange     '0.7.1',
36 silly addNameRange     '0.7.2',
36 silly addNameRange     '0.7.3',
36 silly addNameRange     '0.7.4',
36 silly addNameRange     '0.7.5',
36 silly addNameRange     '0.7.6',
36 silly addNameRange     '0.7.7',
36 silly addNameRange     '0.7.8',
36 silly addNameRange     '0.8.0',
36 silly addNameRange     '0.8.1',
36 silly addNameRange     '0.8.2',
36 silly addNameRange     '0.8.3',
36 silly addNameRange     '0.8.4',
36 silly addNameRange     '0.8.5' ] ]
37 silly addNamed bcrypt@0.8.5
38 verbose addNamed "0.8.5" is a plain semver version for bcrypt
39 silly cache afterAdd bcrypt@0.8.5
40 verbose afterAdd C:\Users\ARUN\AppData\Roaming\npm-cache\bcrypt\0.8.5\package\package.json not in flight; writing
41 verbose afterAdd C:\Users\ARUN\AppData\Roaming\npm-cache\bcrypt\0.8.5\package\package.json written
42 silly install resolved [ { name: 'bcrypt',
42 silly install resolved     description: 'A bcrypt library for NodeJS.',
42 silly install resolved     keywords:
42 silly install resolved      [ 'bcrypt',
42 silly install resolved        'password',
42 silly install resolved        'auth',
42 silly install resolved        'authentication',
42 silly install resolved        'encryption',
42 silly install resolved        'crypt',
42 silly install resolved        'crypto' ],
42 silly install resolved     main: './bcrypt',
42 silly install resolved     version: '0.8.5',
42 silly install resolved     author: { name: 'Nick Campbell', url: 'https://github.com/ncb000gt' },
42 silly install resolved     engines: { node: '>= 0.6.0' },
42 silly install resolved     repository:
42 silly install resolved      { type: 'git',
42 silly install resolved        url: 'git+https://github.com/ncb000gt/node.bcrypt.js.git' },
42 silly install resolved     license: 'MIT',
42 silly install resolved     bugs: { url: 'https://github.com/ncb000gt/node.bcrypt.js/issues' },
42 silly install resolved     scripts:
42 silly install resolved      { test: 'node-gyp configure build && nodeunit test',
42 silly install resolved        install: 'node-gyp rebuild' },
42 silly install resolved     dependencies: { bindings: '1.2.1', nan: '2.0.5' },
42 silly install resolved     devDependencies: { nodeunit: '~0.9.1' },
42 silly install resolved     contributors:
42 silly install resolved      [ [Object],
42 silly install resolved        [Object],
42 silly install resolved        [Object],
42 silly install resolved        [Object],
42 silly install resolved        [Object],
42 silly install resolved        [Object],
42 silly install resolved        [Object],
42 silly install resolved        [Object],
42 silly install resolved        [Object],
42 silly install resolved        [Object],
42 silly install resolved        [Object],
42 silly install resolved        [Object],
42 silly install resolved        [Object],
42 silly install resolved        [Object] ],
42 silly install resolved     gypfile: true,
42 silly install resolved     gitHead: '5d97708f06754d7d7989c67ba867002d10013615',
42 silly install resolved     homepage: 'https://github.com/ncb000gt/node.bcrypt.js#readme',
42 silly install resolved     _id: 'bcrypt@0.8.5',
42 silly install resolved     _shasum: '8e5b81b4db80e944f440005979ca8d58a961861d',
42 silly install resolved     _from: 'bcrypt@*',
42 silly install resolved     _npmVersion: '2.13.3',
42 silly install resolved     _nodeVersion: '3.0.0',
42 silly install resolved     _npmUser: { name: 'defunctzombie', email: 'shtylman@gmail.com' },
42 silly install resolved     dist:
42 silly install resolved      { shasum: '8e5b81b4db80e944f440005979ca8d58a961861d',
42 silly install resolved        tarball: 'http://registry.npmjs.org/bcrypt/-/bcrypt-0.8.5.tgz' },
42 silly install resolved     maintainers: [ [Object], [Object], [Object], [Object] ],
42 silly install resolved     directories: {},
42 silly install resolved     _resolved: 'https://registry.npmjs.org/bcrypt/-/bcrypt-0.8.5.tgz',
42 silly install resolved     readme: 'ERROR: No README data found!' } ]
43 info install bcrypt@0.8.5 into D:\csc-index
44 info installOne bcrypt@0.8.5
45 verbose installOne of bcrypt to D:\csc-index not in flight; installing
46 verbose lock using C:\Users\ARUN\AppData\Roaming\npm-cache\_locks\bcrypt-73059e3b57ed90fa.lock for D:\csc-index\node_modules\bcrypt
47 silly install write writing bcrypt 0.8.5 to D:\csc-index\node_modules\bcrypt
48 verbose unbuild node_modules\bcrypt
49 silly gentlyRm D:\csc-index\node_modules\bcrypt is being purged from base D:\csc-index
50 verbose gentlyRm don't care about contents; nuking D:\csc-index\node_modules\bcrypt
51 verbose tar unpack C:\Users\ARUN\AppData\Roaming\npm-cache\bcrypt\0.8.5\package.tgz
52 verbose tar unpacking to D:\csc-index\node_modules\bcrypt
53 silly gentlyRm D:\csc-index\node_modules\bcrypt is being purged
54 verbose gentlyRm don't care about contents; nuking D:\csc-index\node_modules\bcrypt
55 silly gunzTarPerm modes [ '777', '666' ]
56 silly gunzTarPerm extractEntry package.json
57 silly gunzTarPerm modified mode [ 'package.json', 420, 438 ]
58 silly gunzTarPerm extractEntry .npmignore
59 silly gunzTarPerm modified mode [ '.npmignore', 420, 438 ]
60 silly gunzTarPerm extractEntry README.md
61 silly gunzTarPerm modified mode [ 'README.md', 420, 438 ]
62 silly gunzTarPerm extractEntry LICENSE
63 silly gunzTarPerm modified mode [ 'LICENSE', 420, 438 ]
64 silly gunzTarPerm extractEntry bcrypt.js
65 silly gunzTarPerm modified mode [ 'bcrypt.js', 420, 438 ]
66 silly gunzTarPerm extractEntry binding.gyp
67 silly gunzTarPerm modified mode [ 'binding.gyp', 420, 438 ]
68 silly gunzTarPerm extractEntry .travis.yml
69 silly gunzTarPerm modified mode [ '.travis.yml', 420, 438 ]
70 silly gunzTarPerm extractEntry CHANGELOG.md
71 silly gunzTarPerm modified mode [ 'CHANGELOG.md', 420, 438 ]
72 silly gunzTarPerm extractEntry examples/async_compare.js
73 silly gunzTarPerm modified mode [ 'examples/async_compare.js', 420, 438 ]
74 silly gunzTarPerm extractEntry examples/forever_gen_salt.js
75 silly gunzTarPerm modified mode [ 'examples/forever_gen_salt.js', 420, 438 ]
76 silly gunzTarPerm extractEntry test/async.js
77 silly gunzTarPerm modified mode [ 'test/async.js', 420, 438 ]
78 silly gunzTarPerm extractEntry test/repetitions.js
79 silly gunzTarPerm modified mode [ 'test/repetitions.js', 420, 438 ]
80 silly gunzTarPerm extractEntry test/sync.js
81 silly gunzTarPerm modified mode [ 'test/sync.js', 420, 438 ]
82 silly gunzTarPerm extractEntry Makefile
83 silly gunzTarPerm modified mode [ 'Makefile', 420, 438 ]
84 silly gunzTarPerm extractEntry src/bcrypt.cc
85 silly gunzTarPerm modified mode [ 'src/bcrypt.cc', 420, 438 ]
86 silly gunzTarPerm extractEntry src/bcrypt_node.cc
87 silly gunzTarPerm modified mode [ 'src/bcrypt_node.cc', 420, 438 ]
88 silly gunzTarPerm extractEntry src/blowfish.cc
89 silly gunzTarPerm modified mode [ 'src/blowfish.cc', 420, 438 ]
90 silly gunzTarPerm extractEntry src/node_blf.h
91 silly gunzTarPerm modified mode [ 'src/node_blf.h', 420, 438 ]
92 silly gunzTarPerm extractEntry werker.yml
93 silly gunzTarPerm modified mode [ 'werker.yml', 420, 438 ]
94 verbose write writing to D:\csc-index\node_modules\bcrypt\package.json
95 info preinstall bcrypt@0.8.5
96 verbose readDependencies loading dependencies from D:\csc-index\node_modules\bcrypt\package.json
97 silly prepareForInstallMany adding bindings@1.2.1 from bcrypt dependencies
98 silly prepareForInstallMany adding nan@2.0.5 from bcrypt dependencies
99 verbose readDependencies loading dependencies from D:\csc-index\node_modules\bcrypt\package.json
100 silly cache add args [ 'nan@2.0.5', null ]
101 verbose cache add spec nan@2.0.5
102 silly cache add parsed spec Result {
102 silly cache add   raw: 'nan@2.0.5',
102 silly cache add   scope: null,
102 silly cache add   name: 'nan',
102 silly cache add   rawSpec: '2.0.5',
102 silly cache add   spec: '2.0.5',
102 silly cache add   type: 'version' }
103 silly addNamed nan@2.0.5
104 verbose addNamed "2.0.5" is a plain semver version for nan
105 silly mapToRegistry name nan
106 silly mapToRegistry using default registry
107 silly mapToRegistry registry https://registry.npmjs.org/
108 silly mapToRegistry uri https://registry.npmjs.org/nan
109 verbose addNameVersion registry:https://registry.npmjs.org/nan not in flight; fetching
110 silly cache add args [ 'bindings@1.2.1', null ]
111 verbose cache add spec bindings@1.2.1
112 silly cache add parsed spec Result {
112 silly cache add   raw: 'bindings@1.2.1',
112 silly cache add   scope: null,
112 silly cache add   name: 'bindings',
112 silly cache add   rawSpec: '1.2.1',
112 silly cache add   spec: '1.2.1',
112 silly cache add   type: 'version' }
113 silly addNamed bindings@1.2.1
114 verbose addNamed "1.2.1" is a plain semver version for bindings
115 silly mapToRegistry name bindings
116 silly mapToRegistry using default registry
117 silly mapToRegistry registry https://registry.npmjs.org/
118 silly mapToRegistry uri https://registry.npmjs.org/bindings
119 verbose addNameVersion registry:https://registry.npmjs.org/bindings not in flight; fetching
120 verbose get https://registry.npmjs.org/bindings not expired, no request
121 verbose get https://registry.npmjs.org/nan not expired, no request
122 silly cache afterAdd bindings@1.2.1
123 verbose afterAdd C:\Users\ARUN\AppData\Roaming\npm-cache\bindings\1.2.1\package\package.json not in flight; writing
124 silly cache afterAdd nan@2.0.5
125 verbose afterAdd C:\Users\ARUN\AppData\Roaming\npm-cache\nan\2.0.5\package\package.json not in flight; writing
126 verbose afterAdd C:\Users\ARUN\AppData\Roaming\npm-cache\bindings\1.2.1\package\package.json written
127 verbose afterAdd C:\Users\ARUN\AppData\Roaming\npm-cache\nan\2.0.5\package\package.json written
128 silly install resolved [ { name: 'bindings',
128 silly install resolved     description: 'Helper module for loading your native module\'s .node file',
128 silly install resolved     keywords: [ 'native', 'addon', 'bindings', 'gyp', 'waf', 'c', 'c++' ],
128 silly install resolved     version: '1.2.1',
128 silly install resolved     author:
128 silly install resolved      { name: 'Nathan Rajlich',
128 silly install resolved        email: 'nathan@tootallnate.net',
128 silly install resolved        url: 'http://tootallnate.net' },
128 silly install resolved     repository:
128 silly install resolved      { type: 'git',
128 silly install resolved        url: 'git://github.com/TooTallNate/node-bindings.git' },
128 silly install resolved     main: './bindings.js',
128 silly install resolved     bugs: { url: 'https://github.com/TooTallNate/node-bindings/issues' },
128 silly install resolved     homepage: 'https://github.com/TooTallNate/node-bindings',
128 silly install resolved     license: 'MIT',
128 silly install resolved     gitHead: 'e404152ee27f8478ccbc7122ee051246e8e5ec02',
128 silly install resolved     _id: 'bindings@1.2.1',
128 silly install resolved     scripts: {},
128 silly install resolved     _shasum: '14ad6113812d2d37d72e67b4cacb4bb726505f11',
128 silly install resolved     _from: 'bindings@1.2.1',
128 silly install resolved     _npmVersion: '1.4.14',
128 silly install resolved     _npmUser: { name: 'tootallnate', email: 'nathan@tootallnate.net' },
128 silly install resolved     maintainers: [ [Object], [Object] ],
128 silly install resolved     dist:
128 silly install resolved      { shasum: '14ad6113812d2d37d72e67b4cacb4bb726505f11',
128 silly install resolved        tarball: 'http://registry.npmjs.org/bindings/-/bindings-1.2.1.tgz' },
128 silly install resolved     directories: {},
128 silly install resolved     _resolved: 'https://registry.npmjs.org/bindings/-/bindings-1.2.1.tgz',
128 silly install resolved     readme: 'ERROR: No README data found!' },
128 silly install resolved   { name: 'nan',
128 silly install resolved     version: '2.0.5',
128 silly install resolved     description: 'Native Abstractions for Node.js: C++ header for Node 0.8->0.12 compatibility',
128 silly install resolved     main: 'include_dirs.js',
128 silly install resolved     repository: { type: 'git', url: 'git://github.com/nodejs/nan.git' },
128 silly install resolved     scripts:
128 silly install resolved      { test: 'tap --gc test/js/*-test.js',
128 silly install resolved        'rebuild-tests': 'pangyp rebuild --msvs_version=2013 --directory test',
128 silly install resolved        docs: 'doc/.build.sh' },
128 silly install resolved     contributors:
128 silly install resolved      [ [Object],
128 silly install resolved        [Object],
128 silly install resolved        [Object],
128 silly install resolved        [Object],
128 silly install resolved        [Object],
128 silly install resolved        [Object],
128 silly install resolved        [Object] ],
128 silly install resolved     devDependencies:
128 silly install resolved      { bindings: '~1.2.1',
128 silly install resolved        'node-gyp': '~2.0.2',
128 silly install resolved        pangyp: '~2.2.0',
128 silly install resolved        tap: '~0.7.1',
128 silly install resolved        xtend: '~4.0.0' },
128 silly install resolved     license: 'MIT',
128 silly install resolved     gitHead: 'd13a2e9ce762fd130877b53c71d35963fa2cf689',
128 silly install resolved     bugs: { url: 'https://github.com/nodejs/nan/issues' },
128 silly install resolved     homepage: 'https://github.com/nodejs/nan#readme',
128 silly install resolved     _id: 'nan@2.0.5',
128 silly install resolved     _shasum: '365888014be1fd178db0cbfa258edf7b0cb1c408',
128 silly install resolved     _from: 'nan@2.0.5',
128 silly install resolved     _npmVersion: '2.13.3',
128 silly install resolved     _nodeVersion: '3.0.0',
128 silly install resolved     _npmUser: { name: 'kkoopa', email: 'bbyholm@abo.fi' },
128 silly install resolved     maintainers: [ [Object], [Object] ],
128 silly install resolved     dist:
128 silly install resolved      { shasum: '365888014be1fd178db0cbfa258edf7b0cb1c408',
128 silly install resolved        tarball: 'http://registry.npmjs.org/nan/-/nan-2.0.5.tgz' },
128 silly install resolved     directories: {},
128 silly install resolved     _resolved: 'https://registry.npmjs.org/nan/-/nan-2.0.5.tgz',
128 silly install resolved     readme: 'ERROR: No README data found!' } ]
129 info install bindings@1.2.1 into D:\csc-index\node_modules\bcrypt
130 info install nan@2.0.5 into D:\csc-index\node_modules\bcrypt
131 info installOne bindings@1.2.1
132 verbose installOne of bindings to D:\csc-index\node_modules\bcrypt not in flight; installing
133 info installOne nan@2.0.5
134 verbose installOne of nan to D:\csc-index\node_modules\bcrypt not in flight; installing
135 verbose lock using C:\Users\ARUN\AppData\Roaming\npm-cache\_locks\bindings-e5b4aeec34894cac.lock for D:\csc-index\node_modules\bcrypt\node_modules\bindings
136 silly install write writing bindings 1.2.1 to D:\csc-index\node_modules\bcrypt\node_modules\bindings
137 verbose lock using C:\Users\ARUN\AppData\Roaming\npm-cache\_locks\nan-1b676070c6a3a1e2.lock for D:\csc-index\node_modules\bcrypt\node_modules\nan
138 silly install write writing nan 2.0.5 to D:\csc-index\node_modules\bcrypt\node_modules\nan
139 verbose unbuild node_modules\bcrypt\node_modules\bindings
140 silly gentlyRm D:\csc-index\node_modules\bcrypt\node_modules\bindings is being purged from base D:\csc-index
141 verbose gentlyRm don't care about contents; nuking D:\csc-index\node_modules\bcrypt\node_modules\bindings
142 verbose unbuild node_modules\bcrypt\node_modules\nan
143 verbose tar unpack C:\Users\ARUN\AppData\Roaming\npm-cache\bindings\1.2.1\package.tgz
144 verbose tar unpacking to D:\csc-index\node_modules\bcrypt\node_modules\bindings
145 silly gentlyRm D:\csc-index\node_modules\bcrypt\node_modules\bindings is being purged
146 verbose gentlyRm don't care about contents; nuking D:\csc-index\node_modules\bcrypt\node_modules\bindings
147 silly gunzTarPerm modes [ '777', '666' ]
148 silly gentlyRm D:\csc-index\node_modules\bcrypt\node_modules\nan is being purged from base D:\csc-index
149 verbose gentlyRm don't care about contents; nuking D:\csc-index\node_modules\bcrypt\node_modules\nan
150 verbose tar unpack C:\Users\ARUN\AppData\Roaming\npm-cache\nan\2.0.5\package.tgz
151 verbose tar unpacking to D:\csc-index\node_modules\bcrypt\node_modules\nan
152 silly gentlyRm D:\csc-index\node_modules\bcrypt\node_modules\nan is being purged
153 verbose gentlyRm don't care about contents; nuking D:\csc-index\node_modules\bcrypt\node_modules\nan
154 silly gunzTarPerm modes [ '777', '666' ]
155 silly gunzTarPerm extractEntry package.json
156 silly gunzTarPerm modified mode [ 'package.json', 420, 438 ]
157 silly gunzTarPerm extractEntry package.json
158 silly gunzTarPerm modified mode [ 'package.json', 436, 438 ]
159 silly gunzTarPerm extractEntry README.md
160 silly gunzTarPerm modified mode [ 'README.md', 420, 438 ]
161 silly gunzTarPerm extractEntry bindings.js
162 silly gunzTarPerm modified mode [ 'bindings.js', 420, 438 ]
163 silly gunzTarPerm extractEntry README.md
164 silly gunzTarPerm modified mode [ 'README.md', 436, 438 ]
165 silly gunzTarPerm extractEntry include_dirs.js
166 silly gunzTarPerm modified mode [ 'include_dirs.js', 436, 438 ]
167 silly gunzTarPerm extractEntry nan_converters.h
168 silly gunzTarPerm modified mode [ 'nan_converters.h', 436, 438 ]
169 silly gunzTarPerm extractEntry LICENSE.md
170 silly gunzTarPerm modified mode [ 'LICENSE.md', 436, 438 ]
171 silly gunzTarPerm extractEntry .dntrc
172 silly gunzTarPerm modified mode [ '.dntrc', 436, 438 ]
173 silly gunzTarPerm extractEntry appveyor.yml
174 silly gunzTarPerm modified mode [ 'appveyor.yml', 436, 438 ]
175 verbose write writing to D:\csc-index\node_modules\bcrypt\node_modules\bindings\package.json
176 silly gunzTarPerm extractEntry doc/new.md
177 silly gunzTarPerm modified mode [ 'doc/new.md', 436, 438 ]
178 silly gunzTarPerm extractEntry doc/.build.sh
179 silly gunzTarPerm modified mode [ 'doc/.build.sh', 509, 511 ]
180 silly gunzTarPerm extractEntry doc/buffers.md
181 silly gunzTarPerm modified mode [ 'doc/buffers.md', 436, 438 ]
182 silly gunzTarPerm extractEntry doc/callback.md
183 silly gunzTarPerm modified mode [ 'doc/callback.md', 436, 438 ]
184 info preinstall bindings@1.2.1
185 verbose readDependencies loading dependencies from D:\csc-index\node_modules\bcrypt\node_modules\bindings\package.json
186 verbose readDependencies loading dependencies from D:\csc-index\node_modules\bcrypt\node_modules\bindings\package.json
187 silly gunzTarPerm extractEntry doc/converters.md
188 silly gunzTarPerm modified mode [ 'doc/converters.md', 436, 438 ]
189 silly gunzTarPerm extractEntry doc/errors.md
190 silly gunzTarPerm modified mode [ 'doc/errors.md', 436, 438 ]
191 silly install resolved []
192 verbose about to build D:\csc-index\node_modules\bcrypt\node_modules\bindings
193 info build D:\csc-index\node_modules\bcrypt\node_modules\bindings
194 info linkStuff bindings@1.2.1
195 silly linkStuff bindings@1.2.1 has D:\csc-index\node_modules\bcrypt\node_modules as its parent node_modules
196 verbose linkBins bindings@1.2.1
197 verbose linkMans bindings@1.2.1
198 verbose rebuildBundles bindings@1.2.1
199 silly gunzTarPerm extractEntry doc/maybe_types.md
200 silly gunzTarPerm modified mode [ 'doc/maybe_types.md', 436, 438 ]
201 silly gunzTarPerm extractEntry doc/methods.md
202 silly gunzTarPerm modified mode [ 'doc/methods.md', 436, 438 ]
203 info install bindings@1.2.1
204 info postinstall bindings@1.2.1
205 verbose unlock done using C:\Users\ARUN\AppData\Roaming\npm-cache\_locks\bindings-e5b4aeec34894cac.lock for D:\csc-index\node_modules\bcrypt\node_modules\bindings
206 silly gunzTarPerm extractEntry doc/asyncworker.md
207 silly gunzTarPerm modified mode [ 'doc/asyncworker.md', 436, 438 ]
208 silly gunzTarPerm extractEntry doc/node_misc.md
209 silly gunzTarPerm modified mode [ 'doc/node_misc.md', 436, 438 ]
210 silly gunzTarPerm extractEntry doc/persistent.md
211 silly gunzTarPerm modified mode [ 'doc/persistent.md', 436, 438 ]
212 silly gunzTarPerm extractEntry doc/scopes.md
213 silly gunzTarPerm modified mode [ 'doc/scopes.md', 436, 438 ]
214 silly gunzTarPerm extractEntry doc/script.md
215 silly gunzTarPerm modified mode [ 'doc/script.md', 436, 438 ]
216 silly gunzTarPerm extractEntry doc/string_bytes.md
217 silly gunzTarPerm modified mode [ 'doc/string_bytes.md', 436, 438 ]
218 silly gunzTarPerm extractEntry doc/v8_internals.md
219 silly gunzTarPerm modified mode [ 'doc/v8_internals.md', 436, 438 ]
220 silly gunzTarPerm extractEntry doc/v8_misc.md
221 silly gunzTarPerm modified mode [ 'doc/v8_misc.md', 436, 438 ]
222 silly gunzTarPerm extractEntry nan.h
223 silly gunzTarPerm modified mode [ 'nan.h', 436, 438 ]
224 silly gunzTarPerm extractEntry nan_callbacks.h
225 silly gunzTarPerm modified mode [ 'nan_callbacks.h', 436, 438 ]
226 silly gunzTarPerm extractEntry nan_callbacks_12_inl.h
227 silly gunzTarPerm modified mode [ 'nan_callbacks_12_inl.h', 436, 438 ]
228 silly gunzTarPerm extractEntry nan_callbacks_pre_12_inl.h
229 silly gunzTarPerm modified mode [ 'nan_callbacks_pre_12_inl.h', 436, 438 ]
230 silly gunzTarPerm extractEntry nan_converters_43_inl.h
231 silly gunzTarPerm modified mode [ 'nan_converters_43_inl.h', 436, 438 ]
232 silly gunzTarPerm extractEntry nan_converters_pre_43_inl.h
233 silly gunzTarPerm modified mode [ 'nan_converters_pre_43_inl.h', 436, 438 ]
234 silly gunzTarPerm extractEntry nan_implementation_12_inl.h
235 silly gunzTarPerm modified mode [ 'nan_implementation_12_inl.h', 436, 438 ]
236 silly gunzTarPerm extractEntry nan_implementation_pre_12_inl.h
237 silly gunzTarPerm modified mode [ 'nan_implementation_pre_12_inl.h', 436, 438 ]
238 silly gunzTarPerm extractEntry nan_maybe_43_inl.h
239 silly gunzTarPerm modified mode [ 'nan_maybe_43_inl.h', 436, 438 ]
240 silly gunzTarPerm extractEntry nan_maybe_pre_43_inl.h
241 silly gunzTarPerm modified mode [ 'nan_maybe_pre_43_inl.h', 436, 438 ]
242 silly gunzTarPerm extractEntry nan_new.h
243 silly gunzTarPerm modified mode [ 'nan_new.h', 436, 438 ]
244 silly gunzTarPerm extractEntry nan_object_wrap.h
245 silly gunzTarPerm modified mode [ 'nan_object_wrap.h', 436, 438 ]
246 silly gunzTarPerm extractEntry nan_persistent_12_inl.h
247 silly gunzTarPerm modified mode [ 'nan_persistent_12_inl.h', 436, 438 ]
248 silly gunzTarPerm extractEntry nan_persistent_pre_12_inl.h
249 silly gunzTarPerm modified mode [ 'nan_persistent_pre_12_inl.h', 436, 438 ]
250 silly gunzTarPerm extractEntry nan_string_bytes.h
251 silly gunzTarPerm modified mode [ 'nan_string_bytes.h', 436, 438 ]
252 silly gunzTarPerm extractEntry nan_weak.h
253 silly gunzTarPerm modified mode [ 'nan_weak.h', 436, 438 ]
254 silly gunzTarPerm extractEntry CHANGELOG.md
255 silly gunzTarPerm modified mode [ 'CHANGELOG.md', 436, 438 ]
256 silly gunzTarPerm extractEntry tools/package.json
257 silly gunzTarPerm modified mode [ 'tools/package.json', 436, 438 ]
258 silly gunzTarPerm extractEntry tools/README.md
259 silly gunzTarPerm modified mode [ 'tools/README.md', 436, 438 ]
260 silly gunzTarPerm extractEntry tools/1to2.js
261 silly gunzTarPerm modified mode [ 'tools/1to2.js', 509, 511 ]
262 verbose write writing to D:\csc-index\node_modules\bcrypt\node_modules\nan\package.json
263 info preinstall nan@2.0.5
264 verbose readDependencies loading dependencies from D:\csc-index\node_modules\bcrypt\node_modules\nan\package.json
265 verbose readDependencies loading dependencies from D:\csc-index\node_modules\bcrypt\node_modules\nan\package.json
266 silly install resolved []
267 verbose about to build D:\csc-index\node_modules\bcrypt\node_modules\nan
268 info build D:\csc-index\node_modules\bcrypt\node_modules\nan
269 info linkStuff nan@2.0.5
270 silly linkStuff nan@2.0.5 has D:\csc-index\node_modules\bcrypt\node_modules as its parent node_modules
271 verbose linkBins nan@2.0.5
272 verbose linkMans nan@2.0.5
273 verbose rebuildBundles nan@2.0.5
274 info install nan@2.0.5
275 info postinstall nan@2.0.5
276 verbose unlock done using C:\Users\ARUN\AppData\Roaming\npm-cache\_locks\nan-1b676070c6a3a1e2.lock for D:\csc-index\node_modules\bcrypt\node_modules\nan
277 verbose about to build D:\csc-index\node_modules\bcrypt
278 info build D:\csc-index\node_modules\bcrypt
279 info linkStuff bcrypt@0.8.5
280 silly linkStuff bcrypt@0.8.5 has D:\csc-index\node_modules as its parent node_modules
281 verbose linkBins bcrypt@0.8.5
282 verbose linkMans bcrypt@0.8.5
283 verbose rebuildBundles bcrypt@0.8.5
284 verbose rebuildBundles [ 'bindings', 'nan' ]
285 info install bcrypt@0.8.5
286 verbose unsafe-perm in lifecycle true
287 info bcrypt@0.8.5 Failed to exec install script
288 verbose unlock done using C:\Users\ARUN\AppData\Roaming\npm-cache\_locks\bcrypt-73059e3b57ed90fa.lock for D:\csc-index\node_modules\bcrypt
289 verbose stack Error: bcrypt@0.8.5 install: `node-gyp rebuild`
289 verbose stack Exit status 1
289 verbose stack     at EventEmitter.<anonymous> (C:\Program Files\nodejs\node_modules\npm\lib\utils\lifecycle.js:214:16)
289 verbose stack     at emitTwo (events.js:87:13)
289 verbose stack     at EventEmitter.emit (events.js:172:7)
289 verbose stack     at ChildProcess.<anonymous> (C:\Program Files\nodejs\node_modules\npm\lib\utils\spawn.js:24:14)
289 verbose stack     at emitTwo (events.js:87:13)
289 verbose stack     at ChildProcess.emit (events.js:172:7)
289 verbose stack     at maybeClose (internal/child_process.js:817:16)
289 verbose stack     at Process.ChildProcess._handle.onexit (internal/child_process.js:211:5)
290 verbose pkgid bcrypt@0.8.5
291 verbose cwd D:\csc-index
292 error Windows_NT 10.0.10586
293 error argv "C:\\Program Files\\nodejs\\node.exe" "C:\\Program Files\\nodejs\\node_modules\\npm\\bin\\npm-cli.js" "install" "--save" "bcrypt"
294 error node v4.0.0
295 error npm  v2.14.2
296 error code ELIFECYCLE
297 error bcrypt@0.8.5 install: `node-gyp rebuild`
297 error Exit status 1
298 error Failed at the bcrypt@0.8.5 install script 'node-gyp rebuild'.
298 error This is most likely a problem with the bcrypt package,
298 error not with npm itself.
298 error Tell the author that this fails on your system:
298 error     node-gyp rebuild
298 error You can get their info via:
298 error     npm owner ls bcrypt
298 error There is likely additional logging output above.
299 verbose exit [ 1, true ]
300 verbose unbuild node_modules\bcrypt
301 info preuninstall bcrypt@0.8.5
302 info uninstall bcrypt@0.8.5
303 verbose unbuild rmStuff bcrypt@0.8.5 from D:\csc-index\node_modules
304 info postuninstall bcrypt@0.8.5
305 silly gentlyRm D:\csc-index\node_modules\bcrypt is being purged from base D:\csc-index
306 verbose gentlyRm don't care about contents; nuking D:\csc-index\node_modules\bcrypt
307 silly vacuum-fs purging D:\csc-index\node_modules\bcrypt
308 silly vacuum-fs quitting because other entries in D:\csc-index\node_modules
